# JRE version: OpenJDK Runtime Environment Temurin-21.0.7+6 (21.0.7+6) (build 21.0.7+6-LTS)
# Java VM: OpenJDK 64-Bit Server VM Temurin-21.0.7+6 (21.0.7+6-LTS, mixed mode, sharing, tiered, compressed oops, compressed class ptrs, parallel gc, windows-amd64)
GC Precious Log:
 CardTable entry size: 512
 CPUs: 8 total, 8 available
 Memory: 8164M
 Large Page Support: Disabled
 NUMA Support: Disabled
 Compressed Oops: Enabled (32-bit)
 Alignments: Space 512K, Generation 512K, Heap 2M
 Heap Min Capacity: 100M
 Heap Initial Capacity: 100M
 Heap Max Capacity: 1G
 Pre-touch: Disabled
 Parallel Workers: 8
Heap:
 PSYoungGen      total 34816K, used 32768K [0x00000000eab00000, 0x00000000ecf80000, 0x0000000100000000)
  eden space 32768K, 100% used [0x00000000eab00000,0x00000000ecb00000,0x00000000ecb00000)
  from space 2048K, 0% used [0x00000000ecb00000,0x00000000ecb00000,0x00000000ecd00000)
  to   space 2048K, 0% used [0x00000000ecd80000,0x00000000ecd80000,0x00000000ecf80000)
 ParOldGen       total 699392K, used 699078K [0x00000000c0000000, 0x00000000eab00000, 0x00000000eab00000)
  object space 699392K, 99% used [0x00000000c0000000,0x00000000eaab1ab8,0x00000000eab00000)
 Metaspace       used 102343K, committed 104192K, reserved 1179648K
  class space    used 9176K, committed 10048K, reserved 1048576K
GC Heap History (20 events):
Event: 18514.616 GC heap after
{Heap after GC invocations=39259 (full 721):
 PSYoungGen      total 34816K, used 32767K [0x00000000eab00000, 0x00000000ecf80000, 0x0000000100000000)
  eden space 32768K, 99% used [0x00000000eab00000,0x00000000ecafff30,0x00000000ecb00000)
  from space 2048K, 0% used [0x00000000ecd80000,0x00000000ecd80000,0x00000000ecf80000)
  to   space 2048K, 0% used [0x00000000ecb00000,0x00000000ecb00000,0x00000000ecd00000)
 ParOldGen       total 699392K, used 699101K [0x00000000c0000000, 0x00000000eab00000, 0x00000000eab00000)
  object space 699392K, 99% used [0x00000000c0000000,0x00000000eaab74a0,0x00000000eab00000)
 Metaspace       used 102343K, committed 104192K, reserved 1179648K
  class space    used 9176K, committed 10048K, reserved 1048576K
}
Event: 18514.617 GC heap before
{Heap before GC invocations=39260 (full 722):
 PSYoungGen      total 34816K, used 32767K [0x00000000eab00000, 0x00000000ecf80000, 0x0000000100000000)
  eden space 32768K, 99% used [0x00000000eab00000,0x00000000ecaffff8,0x00000000ecb00000)
  from space 2048K, 0% used [0x00000000ecd80000,0x00000000ecd80000,0x00000000ecf80000)
  to   space 2048K, 0% used [0x00000000ecb00000,0x00000000ecb00000,0x00000000ecd00000)
 ParOldGen       total 699392K, used 699101K [0x00000000c0000000, 0x00000000eab00000, 0x00000000eab00000)
  object space 699392K, 99% used [0x00000000c0000000,0x00000000eaab74a0,0x00000000eab00000)
 Metaspace       used 102343K, committed 104192K, reserved 1179648K
  class space    used 9176K, committed 10048K, reserved 1048576K
}
Event: 18515.176 GC heap after
{Heap after GC invocations=39260 (full 722):
 PSYoungGen      total 34816K, used 32767K [0x00000000eab00000, 0x00000000ecf80000, 0x0000000100000000)
  eden space 32768K, 99% used [0x00000000eab00000,0x00000000ecafff28,0x00000000ecb00000)
  from space 2048K, 0% used [0x00000000ecb00000,0x00000000ecb00000,0x00000000ecd00000)
  to   space 2048K, 0% used [0x00000000ecd80000,0x00000000ecd80000,0x00000000ecf80000)
 ParOldGen       total 699392K, used 699101K [0x00000000c0000000, 0x00000000eab00000, 0x00000000eab00000)
  object space 699392K, 99% used [0x00000000c0000000,0x00000000eaab74a0,0x00000000eab00000)
 Metaspace       used 102343K, committed 104192K, reserved 1179648K
  class space    used 9176K, committed 10048K, reserved 1048576K
}
Event: 18515.178 GC heap before
{Heap before GC invocations=39261 (full 723):
 PSYoungGen      total 34816K, used 32767K [0x00000000eab00000, 0x00000000ecf80000, 0x0000000100000000)
  eden space 32768K, 99% used [0x00000000eab00000,0x00000000ecafffe8,0x00000000ecb00000)
  from space 2048K, 0% used [0x00000000ecb00000,0x00000000ecb00000,0x00000000ecd00000)
  to   space 2048K, 0% used [0x00000000ecd80000,0x00000000ecd80000,0x00000000ecf80000)
 ParOldGen       total 699392K, used 699101K [0x00000000c0000000, 0x00000000eab00000, 0x00000000eab00000)
  object space 699392K, 99% used [0x00000000c0000000,0x00000000eaab74a0,0x00000000eab00000)
 Metaspace       used 102343K, committed 104192K, reserved 1179648K
  class space    used 9176K, committed 10048K, reserved 1048576K
}
Event: 18515.823 GC heap after
{Heap after GC invocations=39261 (full 723):
 PSYoungGen      total 34816K, used 32767K [0x00000000eab00000, 0x00000000ecf80000, 0x0000000100000000)
  eden space 32768K, 99% used [0x00000000eab00000,0x00000000ecaffe28,0x00000000ecb00000)
  from space 2048K, 0% used [0x00000000ecd80000,0x00000000ecd80000,0x00000000ecf80000)
  to   space 2048K, 0% used [0x00000000ecb00000,0x00000000ecb00000,0x00000000ecd00000)
 ParOldGen       total 699392K, used 699100K [0x00000000c0000000, 0x00000000eab00000, 0x00000000eab00000)
  object space 699392K, 99% used [0x00000000c0000000,0x00000000eaab70f8,0x00000000eab00000)
 Metaspace       used 102343K, committed 104192K, reserved 1179648K
  class space    used 9176K, committed 10048K, reserved 1048576K
}
Event: 18515.823 GC heap before
{Heap before GC invocations=39262 (full 724):
 PSYoungGen      total 34816K, used 32768K [0x00000000eab00000, 0x00000000ecf80000, 0x0000000100000000)
  eden space 32768K, 100% used [0x00000000eab00000,0x00000000ecb00000,0x00000000ecb00000)
  from space 2048K, 0% used [0x00000000ecd80000,0x00000000ecd80000,0x00000000ecf80000)
  to   space 2048K, 0% used [0x00000000ecb00000,0x00000000ecb00000,0x00000000ecd00000)
 ParOldGen       total 699392K, used 699100K [0x00000000c0000000, 0x00000000eab00000, 0x00000000eab00000)
  object space 699392K, 99% used [0x00000000c0000000,0x00000000eaab70f8,0x00000000eab00000)
 Metaspace       used 102343K, committed 104192K, reserved 1179648K
  class space    used 9176K, committed 10048K, reserved 1048576K
}
Event: 18516.466 GC heap after
{Heap after GC invocations=39262 (full 724):
 PSYoungGen      total 34816K, used 32767K [0x00000000eab00000, 0x00000000ecf80000, 0x0000000100000000)
  eden space 32768K, 99% used [0x00000000eab00000,0x00000000ecaffc58,0x00000000ecb00000)
  from space 2048K, 0% used [0x00000000ecb00000,0x00000000ecb00000,0x00000000ecd00000)
  to   space 2048K, 0% used [0x00000000ecd80000,0x00000000ecd80000,0x00000000ecf80000)
 ParOldGen       total 699392K, used 699080K [0x00000000c0000000, 0x00000000eab00000, 0x00000000eab00000)
  object space 699392K, 99% used [0x00000000c0000000,0x00000000eaab21a8,0x00000000eab00000)
 Metaspace       used 102343K, committed 104192K, reserved 1179648K
  class space    used 9176K, committed 10048K, reserved 1048576K
}
Event: 18516.466 GC heap before
{Heap before GC invocations=39263 (full 725):
 PSYoungGen      total 34816K, used 32768K [0x00000000eab00000, 0x00000000ecf80000, 0x0000000100000000)
  eden space 32768K, 100% used [0x00000000eab00000,0x00000000ecb00000,0x00000000ecb00000)
  from space 2048K, 0% used [0x00000000ecb00000,0x00000000ecb00000,0x00000000ecd00000)
  to   space 2048K, 0% used [0x00000000ecd80000,0x00000000ecd80000,0x00000000ecf80000)
 ParOldGen       total 699392K, used 699080K [0x00000000c0000000, 0x00000000eab00000, 0x00000000eab00000)
  object space 699392K, 99% used [0x00000000c0000000,0x00000000eaab21a8,0x00000000eab00000)
 Metaspace       used 102343K, committed 104192K, reserved 1179648K
  class space    used 9176K, committed 10048K, reserved 1048576K
}
Event: 18517.116 GC heap after
{Heap after GC invocations=39263 (full 725):
 PSYoungGen      total 34816K, used 32767K [0x00000000eab00000, 0x00000000ecf80000, 0x0000000100000000)
  eden space 32768K, 99% used [0x00000000eab00000,0x00000000ecaffce8,0x00000000ecb00000)
  from space 2048K, 0% used [0x00000000ecd80000,0x00000000ecd80000,0x00000000ecf80000)
  to   space 2048K, 0% used [0x00000000ecb00000,0x00000000ecb00000,0x00000000ecd00000)
 ParOldGen       total 699392K, used 699079K [0x00000000c0000000, 0x00000000eab00000, 0x00000000eab00000)
  object space 699392K, 99% used [0x00000000c0000000,0x00000000eaab1fc8,0x00000000eab00000)
 Metaspace       used 102343K, committed 104192K, reserved 1179648K
  class space    used 9176K, committed 10048K, reserved 1048576K
}
Event: 18517.116 GC heap before
{Heap before GC invocations=39264 (full 726):
 PSYoungGen      total 34816K, used 32768K [0x00000000eab00000, 0x00000000ecf80000, 0x0000000100000000)
  eden space 32768K, 100% used [0x00000000eab00000,0x00000000ecb00000,0x00000000ecb00000)
  from space 2048K, 0% used [0x00000000ecd80000,0x00000000ecd80000,0x00000000ecf80000)
  to   space 2048K, 0% used [0x00000000ecb00000,0x00000000ecb00000,0x00000000ecd00000)
 ParOldGen       total 699392K, used 699079K [0x00000000c0000000, 0x00000000eab00000, 0x00000000eab00000)
  object space 699392K, 99% used [0x00000000c0000000,0x00000000eaab1fc8,0x00000000eab00000)
 Metaspace       used 102343K, committed 104192K, reserved 1179648K
  class space    used 9176K, committed 10048K, reserved 1048576K
}
Event: 18517.726 GC heap after
{Heap after GC invocations=39264 (full 726):
 PSYoungGen      total 34816K, used 32748K [0x00000000eab00000, 0x00000000ecf80000, 0x0000000100000000)
  eden space 32768K, 99% used [0x00000000eab00000,0x00000000ecafb058,0x00000000ecb00000)
  from space 2048K, 0% used [0x00000000ecb00000,0x00000000ecb00000,0x00000000ecd00000)
  to   space 2048K, 0% used [0x00000000ecd80000,0x00000000ecd80000,0x00000000ecf80000)
 ParOldGen       total 699392K, used 699079K [0x00000000c0000000, 0x00000000eab00000, 0x00000000eab00000)
  object space 699392K, 99% used [0x00000000c0000000,0x00000000eaab1c78,0x00000000eab00000)
 Metaspace       used 102343K, committed 104192K, reserved 1179648K
  class space    used 9176K, committed 10048K, reserved 1048576K
}
Event: 18517.727 GC heap before
{Heap before GC invocations=39265 (full 727):
 PSYoungGen      total 34816K, used 32768K [0x00000000eab00000, 0x00000000ecf80000, 0x0000000100000000)
  eden space 32768K, 100% used [0x00000000eab00000,0x00000000ecb00000,0x00000000ecb00000)
  from space 2048K, 0% used [0x00000000ecb00000,0x00000000ecb00000,0x00000000ecd00000)
  to   space 2048K, 0% used [0x00000000ecd80000,0x00000000ecd80000,0x00000000ecf80000)
 ParOldGen       total 699392K, used 699079K [0x00000000c0000000, 0x00000000eab00000, 0x00000000eab00000)
  object space 699392K, 99% used [0x00000000c0000000,0x00000000eaab1c78,0x00000000eab00000)
 Metaspace       used 102343K, committed 104192K, reserved 1179648K
  class space    used 9176K, committed 10048K, reserved 1048576K
}
Event: 18518.458 GC heap after
{Heap after GC invocations=39265 (full 727):
 PSYoungGen      total 34816K, used 32752K [0x00000000eab00000, 0x00000000ecf80000, 0x0000000100000000)
  eden space 32768K, 99% used [0x00000000eab00000,0x00000000ecafc3a0,0x00000000ecb00000)
  from space 2048K, 0% used [0x00000000ecd80000,0x00000000ecd80000,0x00000000ecf80000)
  to   space 2048K, 0% used [0x00000000ecb00000,0x00000000ecb00000,0x00000000ecd00000)
 ParOldGen       total 699392K, used 699078K [0x00000000c0000000, 0x00000000eab00000, 0x00000000eab00000)
  object space 699392K, 99% used [0x00000000c0000000,0x00000000eaab1ae0,0x00000000eab00000)
 Metaspace       used 102343K, committed 104192K, reserved 1179648K
  class space    used 9176K, committed 10048K, reserved 1048576K
}
Event: 18518.458 GC heap before
{Heap before GC invocations=39266 (full 728):
 PSYoungGen      total 34816K, used 32767K [0x00000000eab00000, 0x00000000ecf80000, 0x0000000100000000)
  eden space 32768K, 99% used [0x00000000eab00000,0x00000000ecaffff0,0x00000000ecb00000)
  from space 2048K, 0% used [0x00000000ecd80000,0x00000000ecd80000,0x00000000ecf80000)
  to   space 2048K, 0% used [0x00000000ecb00000,0x00000000ecb00000,0x00000000ecd00000)
 ParOldGen       total 699392K, used 699078K [0x00000000c0000000, 0x00000000eab00000, 0x00000000eab00000)
  object space 699392K, 99% used [0x00000000c0000000,0x00000000eaab1ae0,0x00000000eab00000)
 Metaspace       used 102343K, committed 104192K, reserved 1179648K
  class space    used 9176K, committed 10048K, reserved 1048576K
}
Event: 18519.067 GC heap after
{Heap after GC invocations=39266 (full 728):
 PSYoungGen      total 34816K, used 32755K [0x00000000eab00000, 0x00000000ecf80000, 0x0000000100000000)
  eden space 32768K, 99% used [0x00000000eab00000,0x00000000ecafccd8,0x00000000ecb00000)
  from space 2048K, 0% used [0x00000000ecb00000,0x00000000ecb00000,0x00000000ecd00000)
  to   space 2048K, 0% used [0x00000000ecd80000,0x00000000ecd80000,0x00000000ecf80000)
 ParOldGen       total 699392K, used 699078K [0x00000000c0000000, 0x00000000eab00000, 0x00000000eab00000)
  object space 699392K, 99% used [0x00000000c0000000,0x00000000eaab1ae0,0x00000000eab00000)
 Metaspace       used 102343K, committed 104192K, reserved 1179648K
  class space    used 9176K, committed 10048K, reserved 1048576K
}
Event: 18519.072 GC heap before
{Heap before GC invocations=39267 (full 729):
 PSYoungGen      total 34816K, used 32767K [0x00000000eab00000, 0x00000000ecf80000, 0x0000000100000000)
  eden space 32768K, 99% used [0x00000000eab00000,0x00000000ecaffc00,0x00000000ecb00000)
  from space 2048K, 0% used [0x00000000ecb00000,0x00000000ecb00000,0x00000000ecd00000)
  to   space 2048K, 0% used [0x00000000ecd80000,0x00000000ecd80000,0x00000000ecf80000)
 ParOldGen       total 699392K, used 699078K [0x00000000c0000000, 0x00000000eab00000, 0x00000000eab00000)
  object space 699392K, 99% used [0x00000000c0000000,0x00000000eaab1ae0,0x00000000eab00000)
 Metaspace       used 102343K, committed 104192K, reserved 1179648K
  class space    used 9176K, committed 10048K, reserved 1048576K
}
Event: 18519.654 GC heap after
{Heap after GC invocations=39267 (full 729):
 PSYoungGen      total 34816K, used 32757K [0x00000000eab00000, 0x00000000ecf80000, 0x0000000100000000)
  eden space 32768K, 99% used [0x00000000eab00000,0x00000000ecafd480,0x00000000ecb00000)
  from space 2048K, 0% used [0x00000000ecd80000,0x00000000ecd80000,0x00000000ecf80000)
  to   space 2048K, 0% used [0x00000000ecb00000,0x00000000ecb00000,0x00000000ecd00000)
 ParOldGen       total 699392K, used 699078K [0x00000000c0000000, 0x00000000eab00000, 0x00000000eab00000)
  object space 699392K, 99% used [0x00000000c0000000,0x00000000eaab1ae0,0x00000000eab00000)
 Metaspace       used 102343K, committed 104192K, reserved 1179648K
  class space    used 9176K, committed 10048K, reserved 1048576K
}
Event: 18519.662 GC heap before
{Heap before GC invocations=39268 (full 730):
 PSYoungGen      total 34816K, used 32767K [0x00000000eab00000, 0x00000000ecf80000, 0x0000000100000000)
  eden space 32768K, 99% used [0x00000000eab00000,0x00000000ecafffe0,0x00000000ecb00000)
  from space 2048K, 0% used [0x00000000ecd80000,0x00000000ecd80000,0x00000000ecf80000)
  to   space 2048K, 0% used [0x00000000ecb00000,0x00000000ecb00000,0x00000000ecd00000)
 ParOldGen       total 699392K, used 699078K [0x00000000c0000000, 0x00000000eab00000, 0x00000000eab00000)
  object space 699392K, 99% used [0x00000000c0000000,0x00000000eaab1ae0,0x00000000eab00000)
 Metaspace       used 102343K, committed 104192K, reserved 1179648K
  class space    used 9176K, committed 10048K, reserved 1048576K
}
Event: 18520.351 GC heap after
{Heap after GC invocations=39268 (full 730):
 PSYoungGen      total 34816K, used 32757K [0x00000000eab00000, 0x00000000ecf80000, 0x0000000100000000)
  eden space 32768K, 99% used [0x00000000eab00000,0x00000000ecafd710,0x00000000ecb00000)
  from space 2048K, 0% used [0x00000000ecb00000,0x00000000ecb00000,0x00000000ecd00000)
  to   space 2048K, 0% used [0x00000000ecd80000,0x00000000ecd80000,0x00000000ecf80000)
 ParOldGen       total 699392K, used 699078K [0x00000000c0000000, 0x00000000eab00000, 0x00000000eab00000)
  object space 699392K, 99% used [0x00000000c0000000,0x00000000eaab1ab8,0x00000000eab00000)
 Metaspace       used 102343K, committed 104192K, reserved 1179648K
  class space    used 9176K, committed 10048K, reserved 1048576K
}
Event: 18520.352 GC heap before
{Heap before GC invocations=39269 (full 731):
 PSYoungGen      total 34816K, used 32768K [0x00000000eab00000, 0x00000000ecf80000, 0x0000000100000000)
  eden space 32768K, 100% used [0x00000000eab00000,0x00000000ecb00000,0x00000000ecb00000)
  from space 2048K, 0% used [0x00000000ecb00000,0x00000000ecb00000,0x00000000ecd00000)
  to   space 2048K, 0% used [0x00000000ecd80000,0x00000000ecd80000,0x00000000ecf80000)
 ParOldGen       total 699392K, used 699078K [0x00000000c0000000, 0x00000000eab00000, 0x00000000eab00000)
  object space 699392K, 99% used [0x00000000c0000000,0x00000000eaab1ab8,0x00000000eab00000)
 Metaspace       used 102343K, committed 104192K, reserved 1179648K
  class space    used 9176K, committed 10048K, reserved 1048576K
}

